\BOOKMARK [0][-]{chapter*.1}{ABSTRACT}{}% 1
\BOOKMARK [0][-]{chapter*.2}{DEDICATION}{}% 2
\BOOKMARK [0][-]{chapter*.3}{ACKNOWLEDGMENTS}{}% 3
\BOOKMARK [0][-]{chapter*.4}{CONTRIBUTORS\040AND\040FUNDING\040SOURCES}{}% 4
\BOOKMARK [0][-]{chapter*.5}{NOMENCLATURE}{}% 5
\BOOKMARK [0][-]{section*.6}{TABLE\040OF\040CONTENTS}{}% 6
\BOOKMARK [0][-]{section*.7}{LIST\040OF\040FIGURES}{}% 7
\BOOKMARK [0][-]{section*.8}{LIST\040OF\040TABLES}{}% 8
\BOOKMARK [0][-]{chapter.1}{Introduction\040and\040Literature\040Review}{}% 9
\BOOKMARK [1][-]{section.1.1}{Author's\040Message\040to\040the\040Student\040Using\040This\040Template\040For\040Their\040Thesis\040or\040Dissertation}{chapter.1}% 10
\BOOKMARK [2][-]{subsection.1.1.1}{Brief\040Usage\040of\040the\040Template}{section.1.1}% 11
\BOOKMARK [2][-]{subsection.1.1.2}{How\040to\040Fill\040This\040Document}{section.1.1}% 12
\BOOKMARK [2][-]{subsection.1.1.3}{Reference\040Usage\040and\040Example}{section.1.1}% 13
\BOOKMARK [2][-]{subsection.1.1.4}{Equations,\040Formulas,\040and\040Other\040Really\040Cool\040Math\040Things\040That\040LaTeX\040\040Can\040Do}{section.1.1}% 14
\BOOKMARK [2][-]{subsection.1.1.5}{A\040Test\040Section}{section.1.1}% 15
\BOOKMARK [1][-]{section.1.2}{Specifications\040in\040This\040TAMU\040LaTeX\040\040Template}{chapter.1}% 16
\BOOKMARK [2][-]{subsection.1.2.1}{Another\040Test\040Section}{section.1.2}% 17
\BOOKMARK [3][-]{subsubsection.1.2.1.1}{Test}{subsection.1.2.1}% 18
\BOOKMARK [3][-]{subsubsection.1.2.1.2}{Test\0402}{subsection.1.2.1}% 19
\BOOKMARK [2][-]{subsection.1.2.2}{Yet\040Another\040One}{section.1.2}% 20
\BOOKMARK [2][-]{subsection.1.2.3}{No\040Surprises\040Here}{section.1.2}% 21
\BOOKMARK [0][-]{chapter.2}{PAGES\040WITH\040A\040FIGURE,\040A\040TABLE\040AND\040AN\040EQUATION}{}% 22
\BOOKMARK [1][-]{section.2.1}{Figures:\040Placement,\040Size,\040and\040Captions}{chapter.2}% 23
\BOOKMARK [1][-]{section.2.2}{Table\040Placement,\040Size\040and\040Table\040Title}{chapter.2}% 24
\BOOKMARK [1][-]{section.2.3}{Equations}{chapter.2}% 25
\BOOKMARK [1][-]{section.2.4}{Theorems\040and\040Proofs:\040Examples}{chapter.2}% 26
\BOOKMARK [1][-]{section.2.5}{Another\040Table\040Example}{chapter.2}% 27
\BOOKMARK [0][-]{chapter.3}{VERY,\040VERY,\040VERY\040LONG\040TITLE\040THAT\040FLOWS\040INTO\040A\040SECOND\040LINE\040FOR\040THE\040SAKE\040OF\040EXAMPLE}{}% 28
\BOOKMARK [1][-]{section.3.1}{Yet\040Another\040Table}{chapter.3}% 29
\BOOKMARK [1][-]{section.3.2}{Section\040Test\040Example}{chapter.3}% 30
\BOOKMARK [2][-]{subsection.3.2.1}{Filler,\040Filler,\040Filler}{section.3.2}% 31
\BOOKMARK [2][-]{subsection.3.2.2}{Subsection\040Test\040Example}{section.3.2}% 32
\BOOKMARK [2][-]{subsection.3.2.3}{Subsection\040Test\040Example\0402}{section.3.2}% 33
\BOOKMARK [2][-]{subsection.3.2.4}{Section\040Summary}{section.3.2}% 34
\BOOKMARK [1][-]{section.3.3}{Section\040Test\040Example\0403}{chapter.3}% 35
\BOOKMARK [2][-]{subsection.3.3.1}{Subsection\040Test\0401}{section.3.3}% 36
\BOOKMARK [2][-]{subsection.3.3.2}{Subsection\040Test\0402}{section.3.3}% 37
\BOOKMARK [0][-]{chapter.4}{SUMMARY\040AND\040CONCLUSIONS\040}{}% 38
\BOOKMARK [1][-]{section.4.1}{Challenges}{chapter.4}% 39
\BOOKMARK [1][-]{section.4.2}{Further\040Study}{chapter.4}% 40
\BOOKMARK [0][-]{section*.37}{REFERENCES}{}% 41
\BOOKMARK [0][-]{APPENDIX.a.A}{APPENDIX\040First\040Appendix}{}% 42
\BOOKMARK [0][-]{APPENDIX.a.B}{APPENDIX\040A\040Second\040Appendix\040Whose\040Title\040Is\040Much\040Longer\040Than\040The\040First}{}% 43
\BOOKMARK [1][-]{section.a.B.1}{Appendix\040Section}{APPENDIX.a.B}% 44
\BOOKMARK [1][-]{section.a.B.2}{Second\040Appendix\040Section}{APPENDIX.a.B}% 45
